<?xml version="1.0" encoding="UTF-8"?>
<!-- Generated by org.testng.reporters.JUnitReportReporter -->
<testsuite hostname="Sujata_Dash" failures="0" tests="1" name="testCases.HotelBook" time="5.844" errors="0" timestamp="2024-01-12T01:54:33 IST" skipped="0">
  <testcase classname="testCases.HotelBook" name="bookHotel" time="5.844"/>
  <system-out/>
</testsuite> <!-- testCases.HotelBook -->
