<?xml version="1.0" encoding="UTF-8"?>
<!-- Generated by org.testng.reporters.JUnitReportReporter -->
<testsuite hostname="Sujata_Dash" failures="0" tests="1" name="testCases.BookFlight" time="47.747" errors="0" timestamp="2024-01-14T02:58:55 IST" skipped="0">
  <testcase classname="testCases.BookFlight" name="bookFlight" time="47.747"/>
  <system-out/>
</testsuite> <!-- testCases.BookFlight -->
