<?xml version="1.0" encoding="UTF-8"?>
<!-- Generated by org.testng.reporters.JUnitReportReporter -->
<testsuite hostname="LAPTOP-ACUQ2TGU" failures="0" tests="2" name="testCases.LogInTC" time="6.934" errors="0" timestamp="2023-06-28T20:25:06 IST" skipped="0">
  <testcase classname="testCases.LogInTC" name="landingPage" time="4.225"/>
  <testcase classname="testCases.LogInTC" name="flightBooking" time="2.709"/>
</testsuite> <!-- testCases.LogInTC -->
