<?xml version="1.0" encoding="UTF-8"?>
<!-- Generated by org.testng.reporters.JUnitReportReporter -->
<testsuite hostname="DESKTOP-LSH6HHJ" failures="0" tests="1" name="testCases.HotelBook" time="0.000" errors="0" timestamp="2024-02-17T20:42:27 IST" skipped="1">
  <testcase classname="testCases.HotelBook" name="bookHotel" time="0.000">
    <skipped/>
  </testcase> <!-- bookHotel -->
  <system-out/>
</testsuite> <!-- testCases.HotelBook -->
