<?xml version="1.0" encoding="UTF-8"?>
<!-- Generated by org.testng.reporters.JUnitReportReporter -->
<testsuite hostname="LAPTOP-ACUQ2TGU" failures="0" tests="1" name="testCases.BookFlight" time="39.236" errors="0" timestamp="2023-06-28T20:25:06 IST" skipped="0">
  <testcase classname="testCases.BookFlight" name="bookFlight" time="39.236"/>
</testsuite> <!-- testCases.BookFlight -->
