<?xml version="1.0" encoding="UTF-8"?>
<!-- Generated by org.testng.reporters.JUnitReportReporter -->
<testsuite hostname="LAPTOP-ACUQ2TGU" failures="0" tests="1" name="testCases.SignUp" time="0.017" errors="0" timestamp="2023-06-16T13:24:53 IST" skipped="0">
  <testcase classname="testCases.SignUp" name="landingPage" time="0.017"/>
</testsuite> <!-- testCases.SignUp -->
