<?xml version="1.0" encoding="UTF-8"?>
<!-- Generated by org.testng.reporters.JUnitReportReporter -->
<testsuite hostname="Sujata_Dash" failures="0" tests="1" name="testCases.LogInTC" time="9.434" errors="0" timestamp="2024-01-12T00:19:13 IST" skipped="0">
  <testcase classname="testCases.LogInTC" name="landingPage" time="9.434"/>
  <system-out/>
</testsuite> <!-- testCases.LogInTC -->
