<?xml version="1.0" encoding="UTF-8"?>
<!-- Generated by org.testng.reporters.JUnitReportReporter -->
<testsuite hostname="LAPTOP-ACUQ2TGU" failures="0" tests="1" name="testCases.BookFlight" time="0.000" errors="0" timestamp="2023-12-01T23:39:24 IST" skipped="1">
  <testcase classname="testCases.BookFlight" name="bookFlight" time="0.000">
    <skipped/>
  </testcase> <!-- bookFlight -->
</testsuite> <!-- testCases.BookFlight -->
